<?xml version="1.0" encoding="UTF-8"?>
<!-- Generated by org.testng.reporters.JUnitReportReporter -->
<testsuite skipped="0" hostname="INDSNOIB9X0P12" name="Testcase.cancelEnrollmentBoomiTest" tests="1" failures="0" timestamp="15 Jan 2019 11:04:41 GMT" time="28.055" errors="0">
  <testcase name="NSFBoomi" time="28.055" classname="Testcase.cancelEnrollmentBoomiTest"/>
</testsuite> <!-- Testcase.cancelEnrollmentBoomiTest -->
