<?xml version="1.0" encoding="UTF-8"?>
<!-- Generated by org.testng.reporters.JUnitReportReporter -->
<testsuite skipped="0" hostname="INDSNOIB9X0P12" name="Testcase.soapTest" tests="2" failures="0" timestamp="18 Sep 2019 06:12:35 GMT" time="2.590" errors="0">
  <testcase name="ProcessPayLoadEnrollmentCalls" time="1.564" classname="Testcase.soapTest"/>
  <testcase name="ProcessPayLoadEnrollmentCalls" time="1.026" classname="Testcase.soapTest"/>
</testsuite> <!-- Testcase.soapTest -->
