<?xml version="1.0" encoding="UTF-8"?>
<!-- Generated by org.testng.reporters.JUnitReportReporter -->
<testsuite skipped="0" hostname="INDSNOIB9X0P12" name="Testcase.paymentPortalHcentiveTest" tests="1" failures="0" timestamp="18 Jul 2019 08:48:57 GMT" time="51.097" errors="0">
  <testcase name="paymentserach" time="51.097" classname="Testcase.paymentPortalHcentiveTest"/>
</testsuite> <!-- Testcase.paymentPortalHcentiveTest -->
