<?xml version="1.0" encoding="UTF-8"?>
<!-- Generated by org.testng.reporters.JUnitReportReporter -->
<testsuite skipped="0" hostname="INDSNOIB9X0P12" name="Testcase.Process820Test" tests="1" failures="0" timestamp="20 Feb 2019 10:19:07 GMT" time="7.894" errors="0">
  <testcase name="validation" time="7.894" classname="Testcase.Process820Test"/>
</testsuite> <!-- Testcase.Process820Test -->
