<?xml version="1.0" encoding="UTF-8"?>
<!-- Generated by org.testng.reporters.JUnitReportReporter -->
<testsuite skipped="0" hostname="INDSNOIB9X0P12" name="Testcase.validateAndPostTest" tests="1" failures="0" timestamp="18 Sep 2019 06:12:35 GMT" time="28.423" errors="0">
  <testcase name="NSFBoomi" time="28.423" classname="Testcase.validateAndPostTest"/>
</testsuite> <!-- Testcase.validateAndPostTest -->
