<?xml version="1.0" encoding="UTF-8"?>
<!-- Generated by org.testng.reporters.JUnitReportReporter -->
<testsuite skipped="0" hostname="INDSNOIB9X0P12" name="Testcase.Soap820ProcessTest" tests="1" failures="0" timestamp="24 Jan 2019 08:42:24 GMT" time="0.540" errors="1">
  <testcase name="ProcessPayLoadEnrollmentCalls" time="0.540" classname="Testcase.Soap820ProcessTest">
    <error type="com.sun.xml.internal.messaging.saaj.SOAPExceptionImpl" message="com.sun.xml.internal.messaging.saaj.SOAPExceptionImpl: Message send failed">
      <![CDATA[com.sun.xml.internal.messaging.saaj.SOAPExceptionImpl: com.sun.xml.internal.messaging.saaj.SOAPExceptionImpl: Message send failed
at com.sun.xml.internal.messaging.saaj.client.p2p.HttpSOAPConnection.call(Unknown Source)
at Testcase.Soap820ProcessTest.ProcessPayLoadEnrollmentCalls(Soap820ProcessTest.java:83)
at sun.reflect.NativeMethodAccessorImpl.invoke0(Native Method)
at sun.reflect.NativeMethodAccessorImpl.invoke(Unknown Source)
at sun.reflect.DelegatingMethodAccessorImpl.invoke(Unknown Source)
at java.lang.reflect.Method.invoke(Unknown Source)
at org.testng.internal.MethodInvocationHelper.invokeMethod(MethodInvocationHelper.java:124)
at org.testng.internal.Invoker.invokeMethod(Invoker.java:583)
at org.testng.internal.Invoker.invokeTestMethod(Invoker.java:719)
at org.testng.internal.Invoker.invokeTestMethods(Invoker.java:989)
at org.testng.internal.TestMethodWorker.invokeTestMethods(TestMethodWorker.java:125)
at org.testng.internal.TestMethodWorker.run(TestMethodWorker.java:109)
at org.testng.TestRunner.privateRun(TestRunner.java:648)
at org.testng.TestRunner.run(TestRunner.java:505)
at org.testng.SuiteRunner.runTest(SuiteRunner.java:455)
at org.testng.SuiteRunner.runSequentially(SuiteRunner.java:450)
at org.testng.SuiteRunner.privateRun(SuiteRunner.java:415)
at org.testng.SuiteRunner.run(SuiteRunner.java:364)
at org.testng.SuiteRunnerWorker.runSuite(SuiteRunnerWorker.java:52)
at org.testng.SuiteRunnerWorker.run(SuiteRunnerWorker.java:84)
at org.testng.TestNG.runSuitesSequentially(TestNG.java:1208)
at org.testng.TestNG.runSuitesLocally(TestNG.java:1137)
at org.testng.TestNG.runSuites(TestNG.java:1049)
at org.testng.TestNG.run(TestNG.java:1017)
at org.testng.remote.AbstractRemoteTestNG.run(AbstractRemoteTestNG.java:114)
at org.testng.remote.RemoteTestNG.initAndRun(RemoteTestNG.java:251)
at org.testng.remote.RemoteTestNG.main(RemoteTestNG.java:77)
Caused by: com.sun.xml.internal.messaging.saaj.SOAPExceptionImpl: Message send failed
at com.sun.xml.internal.messaging.saaj.client.p2p.HttpSOAPConnection.post(Unknown Source)
... 27 more
Caused by: java.net.SocketException: java.security.NoSuchAlgorithmException: Error constructing implementation (algorithm: Default, provider: SunJSSE, class: sun.security.ssl.SSLContextImpl$DefaultSSLContext)
at javax.net.ssl.DefaultSSLSocketFactory.throwException(Unknown Source)
at javax.net.ssl.DefaultSSLSocketFactory.createSocket(Unknown Source)
at sun.net.www.protocol.https.HttpsClient.createSocket(Unknown Source)
at sun.net.NetworkClient.doConnect(Unknown Source)
at sun.net.www.http.HttpClient.openServer(Unknown Source)
at sun.net.www.http.HttpClient.openServer(Unknown Source)
at sun.net.www.protocol.https.HttpsClient.<init>(Unknown Source)
at sun.net.www.protocol.https.HttpsClient.New(Unknown Source)
at sun.net.www.protocol.https.AbstractDelegateHttpsURLConnection.getNewHttpClient(Unknown Source)
at sun.net.www.protocol.http.HttpURLConnection.plainConnect0(Unknown Source)
at sun.net.www.protocol.http.HttpURLConnection.plainConnect(Unknown Source)
at sun.net.www.protocol.https.AbstractDelegateHttpsURLConnection.connect(Unknown Source)
at sun.net.www.protocol.http.HttpURLConnection.getOutputStream0(Unknown Source)
at sun.net.www.protocol.http.HttpURLConnection.getOutputStream(Unknown Source)
at sun.net.www.protocol.https.HttpsURLConnectionImpl.getOutputStream(Unknown Source)
... 28 more
Caused by: java.security.NoSuchAlgorithmException: Error constructing implementation (algorithm: Default, provider: SunJSSE, class: sun.security.ssl.SSLContextImpl$DefaultSSLContext)
at java.security.Provider$Service.newInstance(Unknown Source)
at sun.security.jca.GetInstance.getInstance(Unknown Source)
at sun.security.jca.GetInstance.getInstance(Unknown Source)
at javax.net.ssl.SSLContext.getInstance(Unknown Source)
at javax.net.ssl.SSLContext.getDefault(Unknown Source)
at javax.net.ssl.SSLSocketFactory.getDefault(Unknown Source)
at javax.net.ssl.HttpsURLConnection.getDefaultSSLSocketFactory(Unknown Source)
at javax.net.ssl.HttpsURLConnection.<init>(Unknown Source)
at sun.net.www.protocol.https.HttpsURLConnectionImpl.<init>(Unknown Source)
at sun.net.www.protocol.https.Handler.openConnection(Unknown Source)
at sun.net.www.protocol.https.Handler.openConnection(Unknown Source)
at java.net.URL.openConnection(Unknown Source)
at com.sun.xml.internal.messaging.saaj.client.p2p.HttpSOAPConnection.createConnection(Unknown Source)
... 28 more
Caused by: java.io.IOException: Keystore was tampered with, or password was incorrect
at sun.security.provider.JavaKeyStore.engineLoad(Unknown Source)
at sun.security.provider.JavaKeyStore$JKS.engineLoad(Unknown Source)
at sun.security.provider.KeyStoreDelegator.engineLoad(Unknown Source)
at sun.security.provider.JavaKeyStore$DualFormatJKS.engineLoad(Unknown Source)
at java.security.KeyStore.load(Unknown Source)
at sun.security.ssl.SSLContextImpl$DefaultManagersHolder.getKeyManagers(Unknown Source)
at sun.security.ssl.SSLContextImpl$DefaultManagersHolder.<clinit>(Unknown Source)
at sun.security.ssl.SSLContextImpl$DefaultSSLContext.<init>(Unknown Source)
at sun.reflect.NativeConstructorAccessorImpl.newInstance0(Native Method)
at sun.reflect.NativeConstructorAccessorImpl.newInstance(Unknown Source)
at sun.reflect.DelegatingConstructorAccessorImpl.newInstance(Unknown Source)
at java.lang.reflect.Constructor.newInstance(Unknown Source)
... 41 more
Caused by: java.security.UnrecoverableKeyException: Password verification failed
... 53 more

CAUSE:

com.sun.xml.internal.messaging.saaj.SOAPExceptionImpl: Message send failed
at com.sun.xml.internal.messaging.saaj.client.p2p.HttpSOAPConnection.post(Unknown Source)
at com.sun.xml.internal.messaging.saaj.client.p2p.HttpSOAPConnection.call(Unknown Source)
at Testcase.Soap820ProcessTest.ProcessPayLoadEnrollmentCalls(Soap820ProcessTest.java:83)
at sun.reflect.NativeMethodAccessorImpl.invoke0(Native Method)
at sun.reflect.NativeMethodAccessorImpl.invoke(Unknown Source)
at sun.reflect.DelegatingMethodAccessorImpl.invoke(Unknown Source)
at java.lang.reflect.Method.invoke(Unknown Source)
at org.testng.internal.MethodInvocationHelper.invokeMethod(MethodInvocationHelper.java:124)
at org.testng.internal.Invoker.invokeMethod(Invoker.java:583)
at org.testng.internal.Invoker.invokeTestMethod(Invoker.java:719)
at org.testng.internal.Invoker.invokeTestMethods(Invoker.java:989)
at org.testng.internal.TestMethodWorker.invokeTestMethods(TestMethodWorker.java:125)
at org.testng.internal.TestMethodWorker.run(TestMethodWorker.java:109)
at org.testng.TestRunner.privateRun(TestRunner.java:648)
at org.testng.TestRunner.run(TestRunner.java:505)
at org.testng.SuiteRunner.runTest(SuiteRunner.java:455)
at org.testng.SuiteRunner.runSequentially(SuiteRunner.java:450)
at org.testng.SuiteRunner.privateRun(SuiteRunner.java:415)
at org.testng.SuiteRunner.run(SuiteRunner.java:364)
at org.testng.SuiteRunnerWorker.runSuite(SuiteRunnerWorker.java:52)
at org.testng.SuiteRunnerWorker.run(SuiteRunnerWorker.java:84)
at org.testng.TestNG.runSuitesSequentially(TestNG.java:1208)
at org.testng.TestNG.runSuitesLocally(TestNG.java:1137)
at org.testng.TestNG.runSuites(TestNG.java:1049)
at org.testng.TestNG.run(TestNG.java:1017)
at org.testng.remote.AbstractRemoteTestNG.run(AbstractRemoteTestNG.java:114)
at org.testng.remote.RemoteTestNG.initAndRun(RemoteTestNG.java:251)
at org.testng.remote.RemoteTestNG.main(RemoteTestNG.java:77)
Caused by: java.net.SocketException: java.security.NoSuchAlgorithmException: Error constructing implementation (algorithm: Default, provider: SunJSSE, class: sun.security.ssl.SSLContextImpl$DefaultSSLContext)
at javax.net.ssl.DefaultSSLSocketFactory.throwException(Unknown Source)
at javax.net.ssl.DefaultSSLSocketFactory.createSocket(Unknown Source)
at sun.net.www.protocol.https.HttpsClient.createSocket(Unknown Source)
at sun.net.NetworkClient.doConnect(Unknown Source)
at sun.net.www.http.HttpClient.openServer(Unknown Source)
at sun.net.www.http.HttpClient.openServer(Unknown Source)
at sun.net.www.protocol.https.HttpsClient.<init>(Unknown Source)
at sun.net.www.protocol.https.HttpsClient.New(Unknown Source)
at sun.net.www.protocol.https.AbstractDelegateHttpsURLConnection.getNewHttpClient(Unknown Source)
at sun.net.www.protocol.http.HttpURLConnection.plainConnect0(Unknown Source)
at sun.net.www.protocol.http.HttpURLConnection.plainConnect(Unknown Source)
at sun.net.www.protocol.https.AbstractDelegateHttpsURLConnection.connect(Unknown Source)
at sun.net.www.protocol.http.HttpURLConnection.getOutputStream0(Unknown Source)
at sun.net.www.protocol.http.HttpURLConnection.getOutputStream(Unknown Source)
at sun.net.www.protocol.https.HttpsURLConnectionImpl.getOutputStream(Unknown Source)
... 28 more
Caused by: java.security.NoSuchAlgorithmException: Error constructing implementation (algorithm: Default, provider: SunJSSE, class: sun.security.ssl.SSLContextImpl$DefaultSSLContext)
at java.security.Provider$Service.newInstance(Unknown Source)
at sun.security.jca.GetInstance.getInstance(Unknown Source)
at sun.security.jca.GetInstance.getInstance(Unknown Source)
at javax.net.ssl.SSLContext.getInstance(Unknown Source)
at javax.net.ssl.SSLContext.getDefault(Unknown Source)
at javax.net.ssl.SSLSocketFactory.getDefault(Unknown Source)
at javax.net.ssl.HttpsURLConnection.getDefaultSSLSocketFactory(Unknown Source)
at javax.net.ssl.HttpsURLConnection.<init>(Unknown Source)
at sun.net.www.protocol.https.HttpsURLConnectionImpl.<init>(Unknown Source)
at sun.net.www.protocol.https.Handler.openConnection(Unknown Source)
at sun.net.www.protocol.https.Handler.openConnection(Unknown Source)
at java.net.URL.openConnection(Unknown Source)
at com.sun.xml.internal.messaging.saaj.client.p2p.HttpSOAPConnection.createConnection(Unknown Source)
... 28 more
Caused by: java.io.IOException: Keystore was tampered with, or password was incorrect
at sun.security.provider.JavaKeyStore.engineLoad(Unknown Source)
at sun.security.provider.JavaKeyStore$JKS.engineLoad(Unknown Source)
at sun.security.provider.KeyStoreDelegator.engineLoad(Unknown Source)
at sun.security.provider.JavaKeyStore$DualFormatJKS.engineLoad(Unknown Source)
at java.security.KeyStore.load(Unknown Source)
at sun.security.ssl.SSLContextImpl$DefaultManagersHolder.getKeyManagers(Unknown Source)
at sun.security.ssl.SSLContextImpl$DefaultManagersHolder.<clinit>(Unknown Source)
at sun.security.ssl.SSLContextImpl$DefaultSSLContext.<init>(Unknown Source)
at sun.reflect.NativeConstructorAccessorImpl.newInstance0(Native Method)
at sun.reflect.NativeConstructorAccessorImpl.newInstance(Unknown Source)
at sun.reflect.DelegatingConstructorAccessorImpl.newInstance(Unknown Source)
at java.lang.reflect.Constructor.newInstance(Unknown Source)
... 41 more
Caused by: java.security.UnrecoverableKeyException: Password verification failed
... 53 more

CAUSE:

java.net.SocketException: java.security.NoSuchAlgorithmException: Error constructing implementation (algorithm: Default, provider: SunJSSE, class: sun.security.ssl.SSLContextImpl$DefaultSSLContext)
at javax.net.ssl.DefaultSSLSocketFactory.throwException(Unknown Source)
at javax.net.ssl.DefaultSSLSocketFactory.createSocket(Unknown Source)
at sun.net.www.protocol.https.HttpsClient.createSocket(Unknown Source)
at sun.net.NetworkClient.doConnect(Unknown Source)
at sun.net.www.http.HttpClient.openServer(Unknown Source)
at sun.net.www.http.HttpClient.openServer(Unknown Source)
at sun.net.www.protocol.https.HttpsClient.<init>(Unknown Source)
at sun.net.www.protocol.https.HttpsClient.New(Unknown Source)
at sun.net.www.protocol.https.AbstractDelegateHttpsURLConnection.getNewHttpClient(Unknown Source)
at sun.net.www.protocol.http.HttpURLConnection.plainConnect0(Unknown Source)
at sun.net.www.protocol.http.HttpURLConnection.plainConnect(Unknown Source)
at sun.net.www.protocol.https.AbstractDelegateHttpsURLConnection.connect(Unknown Source)
at sun.net.www.protocol.http.HttpURLConnection.getOutputStream0(Unknown Source)
at sun.net.www.protocol.http.HttpURLConnection.getOutputStream(Unknown Source)
at sun.net.www.protocol.https.HttpsURLConnectionImpl.getOutputStream(Unknown Source)
at com.sun.xml.internal.messaging.saaj.client.p2p.HttpSOAPConnection.post(Unknown Source)
at com.sun.xml.internal.messaging.saaj.client.p2p.HttpSOAPConnection.call(Unknown Source)
at Testcase.Soap820ProcessTest.ProcessPayLoadEnrollmentCalls(Soap820ProcessTest.java:83)
at sun.reflect.NativeMethodAccessorImpl.invoke0(Native Method)
at sun.reflect.NativeMethodAccessorImpl.invoke(Unknown Source)
at sun.reflect.DelegatingMethodAccessorImpl.invoke(Unknown Source)
at java.lang.reflect.Method.invoke(Unknown Source)
at org.testng.internal.MethodInvocationHelper.invokeMethod(MethodInvocationHelper.java:124)
at org.testng.internal.Invoker.invokeMethod(Invoker.java:583)
at org.testng.internal.Invoker.invokeTestMethod(Invoker.java:719)
at org.testng.internal.Invoker.invokeTestMethods(Invoker.java:989)
at org.testng.internal.TestMethodWorker.invokeTestMethods(TestMethodWorker.java:125)
at org.testng.internal.TestMethodWorker.run(TestMethodWorker.java:109)
at org.testng.TestRunner.privateRun(TestRunner.java:648)
at org.testng.TestRunner.run(TestRunner.java:505)
at org.testng.SuiteRunner.runTest(SuiteRunner.java:455)
at org.testng.SuiteRunner.runSequentially(SuiteRunner.java:450)
at org.testng.SuiteRunner.privateRun(SuiteRunner.java:415)
at org.testng.SuiteRunner.run(SuiteRunner.java:364)
at org.testng.SuiteRunnerWorker.runSuite(SuiteRunnerWorker.java:52)
at org.testng.SuiteRunnerWorker.run(SuiteRunnerWorker.java:84)
at org.testng.TestNG.runSuitesSequentially(TestNG.java:1208)
at org.testng.TestNG.runSuitesLocally(TestNG.java:1137)
at org.testng.TestNG.runSuites(TestNG.java:1049)
at org.testng.TestNG.run(TestNG.java:1017)
at org.testng.remote.AbstractRemoteTestNG.run(AbstractRemoteTestNG.java:114)
at org.testng.remote.RemoteTestNG.initAndRun(RemoteTestNG.java:251)
at org.testng.remote.RemoteTestNG.main(RemoteTestNG.java:77)
Caused by: java.security.NoSuchAlgorithmException: Error constructing implementation (algorithm: Default, provider: SunJSSE, class: sun.security.ssl.SSLContextImpl$DefaultSSLContext)
at java.security.Provider$Service.newInstance(Unknown Source)
at sun.security.jca.GetInstance.getInstance(Unknown Source)
at sun.security.jca.GetInstance.getInstance(Unknown Source)
at javax.net.ssl.SSLContext.getInstance(Unknown Source)
at javax.net.ssl.SSLContext.getDefault(Unknown Source)
at javax.net.ssl.SSLSocketFactory.getDefault(Unknown Source)
at javax.net.ssl.HttpsURLConnection.getDefaultSSLSocketFactory(Unknown Source)
at javax.net.ssl.HttpsURLConnection.<init>(Unknown Source)
at sun.net.www.protocol.https.HttpsURLConnectionImpl.<init>(Unknown Source)
at sun.net.www.protocol.https.Handler.openConnection(Unknown Source)
at sun.net.www.protocol.https.Handler.openConnection(Unknown Source)
at java.net.URL.openConnection(Unknown Source)
at com.sun.xml.internal.messaging.saaj.client.p2p.HttpSOAPConnection.createConnection(Unknown Source)
... 28 more
Caused by: java.io.IOException: Keystore was tampered with, or password was incorrect
at sun.security.provider.JavaKeyStore.engineLoad(Unknown Source)
at sun.security.provider.JavaKeyStore$JKS.engineLoad(Unknown Source)
at sun.security.provider.KeyStoreDelegator.engineLoad(Unknown Source)
at sun.security.provider.JavaKeyStore$DualFormatJKS.engineLoad(Unknown Source)
at java.security.KeyStore.load(Unknown Source)
at sun.security.ssl.SSLContextImpl$DefaultManagersHolder.getKeyManagers(Unknown Source)
at sun.security.ssl.SSLContextImpl$DefaultManagersHolder.<clinit>(Unknown Source)
at sun.security.ssl.SSLContextImpl$DefaultSSLContext.<init>(Unknown Source)
at sun.reflect.NativeConstructorAccessorImpl.newInstance0(Native Method)
at sun.reflect.NativeConstructorAccessorImpl.newInstance(Unknown Source)
at sun.reflect.DelegatingConstructorAccessorImpl.newInstance(Unknown Source)
at java.lang.reflect.Constructor.newInstance(Unknown Source)
... 41 more
Caused by: java.security.UnrecoverableKeyException: Password verification failed
... 53 more
]]>
    </error>
  </testcase> <!-- ProcessPayLoadEnrollmentCalls -->
</testsuite> <!-- Testcase.Soap820ProcessTest -->
