<?xml version="1.0" encoding="UTF-8"?>
<!-- Generated by org.testng.reporters.JUnitReportReporter -->
<testsuite skipped="0" hostname="INDSNOIB9X0P12" name="Testcase.generateInvoice" tests="1" failures="0" timestamp="13 Dec 2018 11:20:46 GMT" time="5.699" errors="0">
  <testcase name="login" time="5.699" classname="Testcase.generateInvoice"/>
</testsuite> <!-- Testcase.generateInvoice -->
