<?xml version="1.0" encoding="UTF-8"?>
<!-- Generated by org.testng.reporters.JUnitReportReporter -->
<testsuite skipped="0" hostname="INDSNOIB9X0P12" name="Testcase.NSFTest" tests="1" failures="0" timestamp="22 Jan 2019 05:54:30 GMT" time="25.265" errors="0">
  <testcase name="NSFAdjustment" time="25.265" classname="Testcase.NSFTest"/>
</testsuite> <!-- Testcase.NSFTest -->
