<?xml version="1.0" encoding="UTF-8"?>
<!-- Generated by org.testng.reporters.JUnitReportReporter -->
<testsuite skipped="0" hostname="INDSNOIB9X0P12" name="Testcase.checkMemberEffectutaionStatusTest" tests="1" failures="0" timestamp="02 Jan 2019 10:22:44 GMT" time="17.571" errors="0">
  <testcase name="checkStatus" time="17.571" classname="Testcase.checkMemberEffectutaionStatusTest"/>
</testsuite> <!-- Testcase.checkMemberEffectutaionStatusTest -->
