<?xml version="1.0" encoding="UTF-8"?>
<!-- Generated by org.testng.reporters.JUnitReportReporter -->
<testsuite skipped="0" hostname="INDSNOIB9X0P12" name="Rough.checkStatus" tests="1" failures="0" timestamp="30 Dec 2018 06:38:42 GMT" time="20.887" errors="0">
  <testcase name="checkStatus" time="20.887" classname="Rough.checkStatus"/>
</testsuite> <!-- Rough.checkStatus -->
