<?xml version="1.0" encoding="UTF-8"?>
<!-- Generated by org.testng.reporters.JUnitReportReporter -->
<testsuite skipped="0" hostname="INDSNOIB9X0P12" name="Testcase.excelToXMLTest" tests="1" failures="0" timestamp="09 Jan 2019 07:24:04 GMT" time="0.063" errors="0">
  <testcase name="Convertor" time="0.063" classname="Testcase.excelToXMLTest"/>
</testsuite> <!-- Testcase.excelToXMLTest -->
