<?xml version="1.0" encoding="UTF-8"?>
<!-- Generated by org.testng.reporters.JUnitReportReporter -->
<testsuite skipped="0" hostname="INDSNOIB9X0P12" name="Testcase.cancelEnrollmentTest" tests="2" failures="0" timestamp="15 Jan 2019 11:04:41 GMT" time="6.060" errors="0">
  <testcase name="Validation" time="3.017" classname="Testcase.cancelEnrollmentTest"/>
  <testcase name="Validation" time="3.043" classname="Testcase.cancelEnrollmentTest"/>
</testsuite> <!-- Testcase.cancelEnrollmentTest -->
