<?xml version="1.0" encoding="UTF-8"?>
<!-- Generated by org.testng.reporters.JUnitReportReporter -->
<testsuite skipped="0" hostname="INDSNOIB9X0P12" name="Testcase.searchTest" tests="1" failures="0" timestamp="08 Dec 2018 05:53:01 GMT" time="13.577" errors="0">
  <testcase name="search" time="13.577" classname="Testcase.searchTest"/>
</testsuite> <!-- Testcase.searchTest -->
