<?xml version="1.0" encoding="UTF-8"?>
<!-- Generated by org.testng.reporters.JUnitReportReporter -->
<testsuite skipped="0" hostname="INDSNOIB9X0P12" name="Rough.excelToXMLTest" tests="1" failures="0" timestamp="09 Jan 2019 07:01:45 GMT" time="0.701" errors="0">
  <testcase name="Convertor" time="0.701" classname="Rough.excelToXMLTest"/>
</testsuite> <!-- Rough.excelToXMLTest -->
