<?xml version="1.0" encoding="UTF-8"?>
<!-- Generated by org.testng.reporters.JUnitReportReporter -->
<testsuite skipped="0" hostname="INDSNOIB9X0P12" name="Testcase.PBLoginTest" tests="1" failures="0" timestamp="18 Sep 2019 06:12:35 GMT" time="9.688" errors="0">
  <testcase name="login" time="9.688" classname="Testcase.PBLoginTest"/>
</testsuite> <!-- Testcase.PBLoginTest -->
