<?xml version="1.0" encoding="UTF-8"?>
<!-- Generated by org.testng.reporters.JUnitReportReporter -->
<testsuite skipped="0" hostname="INDSNOIB9X0P12" name="Testcase.BoomiNSF" tests="1" failures="0" timestamp="13 Mar 2019 08:59:50 GMT" time="28.051" errors="0">
  <testcase name="NSFBoomi" time="28.051" classname="Testcase.BoomiNSF"/>
</testsuite> <!-- Testcase.BoomiNSF -->
