<?xml version="1.0" encoding="UTF-8"?>
<!-- Generated by org.testng.reporters.JUnitReportReporter -->
<testsuite skipped="0" hostname="INDSNOIB9X0P12" name="Testcase.firstQuoteGenerationTest" tests="1" failures="0" timestamp="05 Feb 2019 09:10:15 GMT" time="43.744" errors="0">
  <testcase name="quote" time="43.744" classname="Testcase.firstQuoteGenerationTest"/>
</testsuite> <!-- Testcase.firstQuoteGenerationTest -->
