<?xml version="1.0" encoding="UTF-8"?>
<!-- Generated by org.testng.reporters.JUnitReportReporter -->
<testsuite skipped="0" hostname="INDSNOIB9X0P12" name="Testcase.NSF" tests="1" failures="0" timestamp="11 Jan 2019 05:13:04 GMT" time="36.785" errors="0">
  <testcase name="NSFAdjustment" time="36.785" classname="Testcase.NSF"/>
</testsuite> <!-- Testcase.NSF -->
