<?xml version="1.0" encoding="UTF-8"?>
<!-- Generated by org.testng.reporters.JUnitReportReporter -->
<testsuite skipped="0" hostname="INDSNOIB9X0P12" name="Testcase.nsfStatusValidationTest" tests="1" failures="0" timestamp="22 Jan 2019 05:54:30 GMT" time="3.129" errors="0">
  <testcase name="validation" time="3.129" classname="Testcase.nsfStatusValidationTest"/>
</testsuite> <!-- Testcase.nsfStatusValidationTest -->
