<?xml version="1.0" encoding="UTF-8"?>
<!-- Generated by org.testng.reporters.JUnitReportReporter -->
<testsuite skipped="0" hostname="INDSNOIB9X0P12" name="Testcase.fmsAdminPwdResetTest" tests="1" failures="0" timestamp="09 May 2019 09:37:45 GMT" time="15.970" errors="0">
  <testcase name="login" time="15.970" classname="Testcase.fmsAdminPwdResetTest"/>
</testsuite> <!-- Testcase.fmsAdminPwdResetTest -->
