<?xml version="1.0" encoding="UTF-8"?>
<!-- Generated by org.testng.reporters.JUnitReportReporter -->
<testsuite skipped="0" hostname="INDSNOIB9X0P12" name="Testcase.NSFTest" tests="2" failures="0" timestamp="13 Mar 2019 08:59:50 GMT" time="52.890" errors="0">
  <testcase name="NSFAdjustment" time="26.360" classname="Testcase.NSFTest"/>
  <testcase name="NSFAdjustment" time="26.530" classname="Testcase.NSFTest"/>
</testsuite> <!-- Testcase.NSFTest -->
