<?xml version="1.0" encoding="UTF-8"?>
<!-- Generated by org.testng.reporters.JUnitReportReporter -->
<testsuite skipped="0" hostname="INDSNOIB9X0P12" name="Testcase.PBLoginTest" tests="1" failures="0" timestamp="05 Feb 2019 09:10:15 GMT" time="9.820" errors="0">
  <testcase name="login" time="9.820" classname="Testcase.PBLoginTest"/>
</testsuite> <!-- Testcase.PBLoginTest -->
