<?xml version="1.0" encoding="UTF-8"?>
<!-- Generated by org.testng.reporters.JUnitReportReporter -->
<testsuite skipped="0" hostname="INDSNOIB9X0P12" name="Testcase.generateInvoiceTest" tests="2" failures="0" timestamp="18 Sep 2019 06:12:35 GMT" time="328.221" errors="0">
  <testcase name="login" time="164.576" classname="Testcase.generateInvoiceTest"/>
  <testcase name="login" time="163.645" classname="Testcase.generateInvoiceTest"/>
</testsuite> <!-- Testcase.generateInvoiceTest -->
