<?xml version="1.0" encoding="UTF-8"?>
<!-- Generated by org.testng.reporters.JUnitReportReporter -->
<testsuite skipped="0" hostname="INDSNOIB9X0P12" name="Testcase.soapTermMemberTest" tests="1" failures="0" timestamp="04 Jan 2019 09:30:35 GMT" time="4.110" errors="0">
  <testcase name="ProcessPayLoadEnrollmentCalls" time="4.110" classname="Testcase.soapTermMemberTest"/>
</testsuite> <!-- Testcase.soapTermMemberTest -->
