<?xml version="1.0" encoding="UTF-8"?>
<!-- Generated by org.testng.reporters.JUnitReportReporter -->
<testsuite skipped="0" hostname="INDSNOIB9X0P12" name="Testcase.cancelEnrollmentStatusTest" tests="2" failures="0" timestamp="15 Jan 2019 11:13:16 GMT" time="6.181" errors="0">
  <testcase name="validation" time="3.362" classname="Testcase.cancelEnrollmentStatusTest"/>
  <testcase name="validation" time="2.819" classname="Testcase.cancelEnrollmentStatusTest"/>
</testsuite> <!-- Testcase.cancelEnrollmentStatusTest -->
