<?xml version="1.0" encoding="UTF-8"?>
<!-- Generated by org.testng.reporters.JUnitReportReporter -->
<testsuite skipped="0" hostname="INDSNOIB9X0P12" name="Testcase.quoteStatusValidationTest" tests="1" failures="0" timestamp="05 Feb 2019 09:10:15 GMT" time="5.737" errors="0">
  <testcase name="validation" time="5.737" classname="Testcase.quoteStatusValidationTest"/>
</testsuite> <!-- Testcase.quoteStatusValidationTest -->
